Using pre-set license
Built from '2020.2/release' branch; Version is '2020.2.2f1 (068178b99f32) revision 426360'; Using compiler version '192528614'; Build Type 'Release'
OS: 'Windows 10 Pro; OS build 19044.1826; Version 2009; 64bit' Language: 'en' Physical Memory: 8123 MB
BatchMode: 1, IsHumanControllingUs: 0, StartBugReporterOnCrash: 0, Is64bit: 1, IsPro: 0

 COMMAND LINE ARGUMENTS:
C:\Program Files\Unity\Hub\Editor\2020.2.2f1\Editor\Unity.exe
-adb2
-batchMode
-noUpm
-name
AssetImportWorker0
-projectPath
C:/Users/Yasin/Downloads/theGUNMAN
-logFile
Logs/AssetImportWorker0.log
-srvPort
57347
Successfully changed project path to: C:/Users/Yasin/Downloads/theGUNMAN
C:/Users/Yasin/Downloads/theGUNMAN
Using Asset Import Pipeline V2.
Refreshing native plugins compatible for Editor in 24.37 ms, found 0 plugins.
Preloading 0 native plugins for Editor in 0.00 ms.
Initialize engine version: 2020.2.2f1 (068178b99f32)
[Subsystems] Discovering subsystems at path C:/Program Files/Unity/Hub/Editor/2020.2.2f1/Editor/Data/Resources/UnitySubsystems
[Subsystems] Discovering subsystems at path C:/Users/Yasin/Downloads/theGUNMAN/Assets
GfxDevice: creating device client; threaded=0
Direct3D:
    Version:  Direct3D 11.0 [level 11.1]
    Renderer: NVIDIA GeForce GTX 1650 (ID=0x1f82)
    Vendor:   
    VRAM:     3962 MB
    Driver:   31.0.15.1659
Initialize mono
Mono path[0] = 'C:/Program Files/Unity/Hub/Editor/2020.2.2f1/Editor/Data/Managed'
Mono path[1] = 'C:/Program Files/Unity/Hub/Editor/2020.2.2f1/Editor/Data/MonoBleedingEdge/lib/mono/unityjit'
Mono config path = 'C:/Program Files/Unity/Hub/Editor/2020.2.2f1/Editor/Data/MonoBleedingEdge/etc'
Using monoOptions --debugger-agent=transport=dt_socket,embedding=1,server=y,suspend=n,address=127.0.0.1:56864
Begin MonoManager ReloadAssembly
Registering precompiled unity dll's ...
Register platform support module: C:/Program Files/Unity/Hub/Editor/2020.2.2f1/Editor/Data/PlaybackEngines/WebGLSupport/UnityEditor.WebGL.Extensions.dll
Register platform support module: C:/Program Files/Unity/Hub/Editor/2020.2.2f1/Editor/Data/PlaybackEngines/WindowsStandaloneSupport/UnityEditor.WindowsStandalone.Extensions.dll
Registered in 0.003409 seconds.
Native extension for WindowsStandalone target not found
Native extension for WebGL target not found
Refreshing native plugins compatible for Editor in 25.01 ms, found 0 plugins.
Preloading 0 native plugins for Editor in 0.00 ms.
Invoked RoslynAnalysisRunner static constructor.
RoslynAnalysisRunner will not be running.
RoslynAnalysisRunner has terminated.
Mono: successfully reloaded assembly
- Completed reload, in  1.574 seconds
Platform modules already initialized, skipping
Registering precompiled user dll's ...
Registered in 0.000858 seconds.
Begin MonoManager ReloadAssembly
Native extension for WindowsStandalone target not found
Native extension for WebGL target not found
Refreshing native plugins compatible for Editor in 0.38 ms, found 0 plugins.
Preloading 0 native plugins for Editor in 0.00 ms.
Invoked RoslynAnalysisRunner static constructor.
RoslynAnalysisRunner will not be running.
RoslynAnalysisRunner has terminated.
Mono: successfully reloaded assembly
- Completed reload, in  0.919 seconds
Platform modules already initialized, skipping
========================================================================
Worker process is ready to serve import requests
Launched and connected shader compiler UnityShaderCompiler.exe after 0.05 seconds
Refreshing native plugins compatible for Editor in 0.32 ms, found 0 plugins.
Preloading 0 native plugins for Editor in 0.00 ms.
Unloading 1108 Unused Serialized files (Serialized files now loaded: 0)
System memory in use before: 57.2 MB.
System memory in use after: 57.3 MB.

Unloading 10 unused Assets to reduce memory usage. Loaded Objects now: 1550.
Total: 1.978400 ms (FindLiveObjects: 0.196200 ms CreateObjectMapping: 0.031800 ms MarkObjects: 1.669600 ms  DeleteObjects: 0.079400 ms)

========================================================================
Received Import Request.
  path: Assets/Obstacles/Heal.prefab
  artifactKey: Guid(137bdef930e86b047afc0cecf87255f9) Importer(815301076,1909f56bfc062723c751e8b465ee728b)
Start importing Assets/Obstacles/Heal.prefab using Guid(137bdef930e86b047afc0cecf87255f9) Importer(815301076,1909f56bfc062723c751e8b465ee728b)  -> (artifact id: 'b73af10688443b91639701c20e51f225') in 0.119781 seconds
  Import took 0.122250 seconds .

========================================================================
Received Prepare
Registering precompiled user dll's ...
Registered in 0.000782 seconds.
Begin MonoManager ReloadAssembly
Native extension for WindowsStandalone target not found
Native extension for WebGL target not found
Refreshing native plugins compatible for Editor in 0.24 ms, found 0 plugins.
Preloading 0 native plugins for Editor in 0.00 ms.
Invoked RoslynAnalysisRunner static constructor.
RoslynAnalysisRunner will not be running.
RoslynAnalysisRunner has terminated.
Mono: successfully reloaded assembly
- Completed reload, in  0.835 seconds
Platform modules already initialized, skipping
Refreshing native plugins compatible for Editor in 0.24 ms, found 0 plugins.
Preloading 0 native plugins for Editor in 0.00 ms.
Unloading 1103 Unused Serialized files (Serialized files now loaded: 0)
System memory in use before: 60.7 MB.
System memory in use after: 60.7 MB.

Unloading 5 unused Assets to reduce memory usage. Loaded Objects now: 1560.
Total: 1.864500 ms (FindLiveObjects: 0.232800 ms CreateObjectMapping: 0.037900 ms MarkObjects: 1.521300 ms  DeleteObjects: 0.071300 ms)

========================================================================
Received Prepare
Registering precompiled user dll's ...
Registered in 0.001088 seconds.
Begin MonoManager ReloadAssembly
Native extension for WindowsStandalone target not found
Native extension for WebGL target not found
Refreshing native plugins compatible for Editor in 0.24 ms, found 0 plugins.
Preloading 0 native plugins for Editor in 0.00 ms.
Invoked RoslynAnalysisRunner static constructor.
RoslynAnalysisRunner will not be running.
RoslynAnalysisRunner has terminated.
Mono: successfully reloaded assembly
- Completed reload, in  0.891 seconds
Platform modules already initialized, skipping
Refreshing native plugins compatible for Editor in 0.36 ms, found 0 plugins.
Preloading 0 native plugins for Editor in 0.00 ms.
Unloading 1103 Unused Serialized files (Serialized files now loaded: 0)
System memory in use before: 61.0 MB.
System memory in use after: 61.1 MB.

Unloading 5 unused Assets to reduce memory usage. Loaded Objects now: 1562.
Total: 2.223000 ms (FindLiveObjects: 0.260400 ms CreateObjectMapping: 0.032700 ms MarkObjects: 1.858700 ms  DeleteObjects: 0.069300 ms)

========================================================================
Received Import Request.
  Time since last request: 802.335338 seconds.
  path: Assets/Enemies/Enemy.prefab
  artifactKey: Guid(8e16e0941f1a3984d99a926bbff2d994) Importer(815301076,1909f56bfc062723c751e8b465ee728b)
Start importing Assets/Enemies/Enemy.prefab using Guid(8e16e0941f1a3984d99a926bbff2d994) Importer(815301076,1909f56bfc062723c751e8b465ee728b)  -> (artifact id: '6fba1176cfc806ccfd27de0eae539196') in 0.103833 seconds
  Import took 0.106771 seconds .

========================================================================
Received Prepare
Registering precompiled user dll's ...
Registered in 0.000959 seconds.
Begin MonoManager ReloadAssembly
Native extension for WindowsStandalone target not found
Native extension for WebGL target not found
Refreshing native plugins compatible for Editor in 0.35 ms, found 0 plugins.
Preloading 0 native plugins for Editor in 0.00 ms.
Invoked RoslynAnalysisRunner static constructor.
RoslynAnalysisRunner will not be running.
RoslynAnalysisRunner has terminated.
Mono: successfully reloaded assembly
- Completed reload, in  0.985 seconds
Platform modules already initialized, skipping
Refreshing native plugins compatible for Editor in 0.30 ms, found 0 plugins.
Preloading 0 native plugins for Editor in 0.00 ms.
Unloading 1104 Unused Serialized files (Serialized files now loaded: 0)
System memory in use before: 61.1 MB.
System memory in use after: 61.2 MB.

Unloading 5 unused Assets to reduce memory usage. Loaded Objects now: 1568.
Total: 1.885200 ms (FindLiveObjects: 0.207500 ms CreateObjectMapping: 0.029800 ms MarkObjects: 1.585000 ms  DeleteObjects: 0.061300 ms)

========================================================================
Received Prepare
Registering precompiled user dll's ...
Registered in 0.001076 seconds.
Begin MonoManager ReloadAssembly
Native extension for WindowsStandalone target not found
Native extension for WebGL target not found
Refreshing native plugins compatible for Editor in 0.27 ms, found 0 plugins.
Preloading 0 native plugins for Editor in 0.00 ms.
Invoked RoslynAnalysisRunner static constructor.
RoslynAnalysisRunner will not be running.
RoslynAnalysisRunner has terminated.
Mono: successfully reloaded assembly
- Completed reload, in  0.920 seconds
Platform modules already initialized, skipping
Refreshing native plugins compatible for Editor in 0.25 ms, found 0 plugins.
Preloading 0 native plugins for Editor in 0.00 ms.
Unloading 1104 Unused Serialized files (Serialized files now loaded: 0)
System memory in use before: 61.7 MB.
System memory in use after: 61.8 MB.

Unloading 5 unused Assets to reduce memory usage. Loaded Objects now: 1570.
Total: 2.520400 ms (FindLiveObjects: 0.277500 ms CreateObjectMapping: 0.035900 ms MarkObjects: 2.085300 ms  DeleteObjects: 0.118600 ms)

========================================================================
Received Prepare
Registering precompiled user dll's ...
Registered in 0.001074 seconds.
Begin MonoManager ReloadAssembly
Native extension for WindowsStandalone target not found
Native extension for WebGL target not found
Refreshing native plugins compatible for Editor in 0.25 ms, found 0 plugins.
Preloading 0 native plugins for Editor in 0.00 ms.
Invoked RoslynAnalysisRunner static constructor.
RoslynAnalysisRunner will not be running.
RoslynAnalysisRunner has terminated.
Mono: successfully reloaded assembly
- Completed reload, in  0.840 seconds
Platform modules already initialized, skipping
Refreshing native plugins compatible for Editor in 0.26 ms, found 0 plugins.
Preloading 0 native plugins for Editor in 0.00 ms.
Unloading 1104 Unused Serialized files (Serialized files now loaded: 0)
System memory in use before: 62.0 MB.
System memory in use after: 62.1 MB.

Unloading 5 unused Assets to reduce memory usage. Loaded Objects now: 1572.
Total: 2.156000 ms (FindLiveObjects: 0.212300 ms CreateObjectMapping: 0.032400 ms MarkObjects: 1.815100 ms  DeleteObjects: 0.094300 ms)

========================================================================
Received Prepare
Registering precompiled user dll's ...
Registered in 0.000978 seconds.
Begin MonoManager ReloadAssembly
Native extension for WindowsStandalone target not found
Native extension for WebGL target not found
Refreshing native plugins compatible for Editor in 0.24 ms, found 0 plugins.
Preloading 0 native plugins for Editor in 0.00 ms.
Invoked RoslynAnalysisRunner static constructor.
RoslynAnalysisRunner will not be running.
RoslynAnalysisRunner has terminated.
Mono: successfully reloaded assembly
- Completed reload, in  0.888 seconds
Platform modules already initialized, skipping
Refreshing native plugins compatible for Editor in 0.32 ms, found 0 plugins.
Preloading 0 native plugins for Editor in 0.00 ms.
Unloading 1104 Unused Serialized files (Serialized files now loaded: 0)
System memory in use before: 62.2 MB.
System memory in use after: 62.2 MB.

Unloading 5 unused Assets to reduce memory usage. Loaded Objects now: 1574.
Total: 2.202300 ms (FindLiveObjects: 0.312800 ms CreateObjectMapping: 0.044700 ms MarkObjects: 1.785000 ms  DeleteObjects: 0.058400 ms)

========================================================================
Received Prepare
Registering precompiled user dll's ...
Registered in 0.001527 seconds.
Begin MonoManager ReloadAssembly
Native extension for WindowsStandalone target not found
Native extension for WebGL target not found
Refreshing native plugins compatible for Editor in 0.29 ms, found 0 plugins.
Preloading 0 native plugins for Editor in 0.00 ms.
Invoked RoslynAnalysisRunner static constructor.
RoslynAnalysisRunner will not be running.
RoslynAnalysisRunner has terminated.
Mono: successfully reloaded assembly
- Completed reload, in  1.029 seconds
Platform modules already initialized, skipping
Refreshing native plugins compatible for Editor in 0.46 ms, found 0 plugins.
Preloading 0 native plugins for Editor in 0.00 ms.
Unloading 1104 Unused Serialized files (Serialized files now loaded: 0)
System memory in use before: 61.7 MB.
System memory in use after: 61.8 MB.

Unloading 5 unused Assets to reduce memory usage. Loaded Objects now: 1576.
Total: 2.324300 ms (FindLiveObjects: 0.204200 ms CreateObjectMapping: 0.080000 ms MarkObjects: 1.976800 ms  DeleteObjects: 0.061600 ms)

========================================================================
Received Import Request.
  Time since last request: 4953.707503 seconds.
  path: Assets/Player.cs
  artifactKey: Guid(e08bd87ac3a7af14da11f14fe9d8f638) Importer(815301076,1909f56bfc062723c751e8b465ee728b)
Start importing Assets/Player.cs using Guid(e08bd87ac3a7af14da11f14fe9d8f638) Importer(815301076,1909f56bfc062723c751e8b465ee728b)  -> (artifact id: 'f4666c3913f1a2f59fecbb49e00e9634') in 0.028454 seconds
  Import took 0.032483 seconds .

========================================================================
Received Prepare
Registering precompiled user dll's ...
Registered in 0.000787 seconds.
Begin MonoManager ReloadAssembly
Native extension for WindowsStandalone target not found
Native extension for WebGL target not found
Refreshing native plugins compatible for Editor in 0.24 ms, found 0 plugins.
Preloading 0 native plugins for Editor in 0.00 ms.
Invoked RoslynAnalysisRunner static constructor.
RoslynAnalysisRunner will not be running.
RoslynAnalysisRunner has terminated.
Mono: successfully reloaded assembly
- Completed reload, in  0.836 seconds
Platform modules already initialized, skipping
Refreshing native plugins compatible for Editor in 0.23 ms, found 0 plugins.
Preloading 0 native plugins for Editor in 0.00 ms.
Unloading 1104 Unused Serialized files (Serialized files now loaded: 0)
System memory in use before: 62.0 MB.
System memory in use after: 62.1 MB.

Unloading 5 unused Assets to reduce memory usage. Loaded Objects now: 1578.
Total: 2.492100 ms (FindLiveObjects: 0.388500 ms CreateObjectMapping: 0.045500 ms MarkObjects: 1.983400 ms  DeleteObjects: 0.072200 ms)

========================================================================
Received Import Request.
  Time since last request: 316.274693 seconds.
  path: Assets/Assets/HealthBar.cs
  artifactKey: Guid(c30753f69b290d64e98640158f268eac) Importer(815301076,1909f56bfc062723c751e8b465ee728b)
Start importing Assets/Assets/HealthBar.cs using Guid(c30753f69b290d64e98640158f268eac) Importer(815301076,1909f56bfc062723c751e8b465ee728b)  -> (artifact id: 'b2cca3f9c8e715e11a5281edfe568d66') in 0.011405 seconds
  Import took 0.013953 seconds .

========================================================================
Received Import Request.
  Time since last request: 53.902565 seconds.
  path: Assets/Scriptsw/BigChungus.cs
  artifactKey: Guid(324d66554e3c3d84e8243f692c9dd1ae) Importer(815301076,1909f56bfc062723c751e8b465ee728b)
Start importing Assets/Scriptsw/BigChungus.cs using Guid(324d66554e3c3d84e8243f692c9dd1ae) Importer(815301076,1909f56bfc062723c751e8b465ee728b)  -> (artifact id: 'f53e0b6c6babe59fa7a9aa394d7a814d') in 0.009624 seconds
  Import took 0.011866 seconds .

========================================================================
Received Import Request.
  Time since last request: 55.411851 seconds.
  path: Assets/Scriptsw/BigChungus.cs
  artifactKey: Guid(324d66554e3c3d84e8243f692c9dd1ae) Importer(815301076,1909f56bfc062723c751e8b465ee728b)
Start importing Assets/Scriptsw/BigChungus.cs using Guid(324d66554e3c3d84e8243f692c9dd1ae) Importer(815301076,1909f56bfc062723c751e8b465ee728b)  -> (artifact id: 'c6609a2d8cd48dea55a54c25dbba6212') in 0.003497 seconds
  Import took 0.006353 seconds .

========================================================================
Received Import Request.
  Time since last request: 75.154493 seconds.
  path: Assets/Assets/Player.cs
  artifactKey: Guid(fb6093c0c28b30640ac0c23f7a57d8c5) Importer(815301076,1909f56bfc062723c751e8b465ee728b)
Start importing Assets/Assets/Player.cs using Guid(fb6093c0c28b30640ac0c23f7a57d8c5) Importer(815301076,1909f56bfc062723c751e8b465ee728b)  -> (artifact id: '3a6d6be68a370e0811cc1e8b6d25c207') in 0.003168 seconds
  Import took 0.005556 seconds .

========================================================================
Received Import Request.
  Time since last request: 260.111786 seconds.
  path: Assets/Assets/Sprites
  artifactKey: Guid(c77fecbfa8d9e47478fa41c600289ad8) Importer(815301076,1909f56bfc062723c751e8b465ee728b)
Start importing Assets/Assets/Sprites using Guid(c77fecbfa8d9e47478fa41c600289ad8) Importer(815301076,1909f56bfc062723c751e8b465ee728b)  -> (artifact id: '02467bbfc14d2e4cafdf6e1e9810c53d') in 0.009062 seconds
  Import took 0.012053 seconds .

========================================================================
Received Import Request.
  Time since last request: 2.512715 seconds.
  path: Assets/Assets/Materials
  artifactKey: Guid(d0234ba368eeec9418390da711bfdad0) Importer(815301076,1909f56bfc062723c751e8b465ee728b)
Start importing Assets/Assets/Materials using Guid(d0234ba368eeec9418390da711bfdad0) Importer(815301076,1909f56bfc062723c751e8b465ee728b)  -> (artifact id: '413cda31201d7d9b57768a8c614170a7') in 0.008261 seconds
  Import took 0.010719 seconds .

========================================================================
Received Import Request.
  Time since last request: 4.454693 seconds.
  path: Assets/Assets/ExampleAssets
  artifactKey: Guid(990f5c2df70993f4987a388ca178996a) Importer(815301076,1909f56bfc062723c751e8b465ee728b)
Start importing Assets/Assets/ExampleAssets using Guid(990f5c2df70993f4987a388ca178996a) Importer(815301076,1909f56bfc062723c751e8b465ee728b)  -> (artifact id: 'fe890366a868d01b6d95d6b65a2f580f') in 0.009397 seconds
  Import took 0.013383 seconds .

========================================================================
Received Import Request.
  Time since last request: 7.295131 seconds.
  path: Assets/Assets/TutorialInfo
  artifactKey: Guid(49110bb8dcada46328ad741970bce702) Importer(815301076,1909f56bfc062723c751e8b465ee728b)
Start importing Assets/Assets/TutorialInfo using Guid(49110bb8dcada46328ad741970bce702) Importer(815301076,1909f56bfc062723c751e8b465ee728b)  -> (artifact id: '094fb4e4da72f4ba25ba58179508961d') in 0.007724 seconds
  Import took 0.010055 seconds .

========================================================================
Received Prepare
Registering precompiled user dll's ...
Registered in 0.004091 seconds.
Begin MonoManager ReloadAssembly
Native extension for WindowsStandalone target not found
Native extension for WebGL target not found
Refreshing native plugins compatible for Editor in 0.41 ms, found 0 plugins.
Preloading 0 native plugins for Editor in 0.00 ms.
Invoked RoslynAnalysisRunner static constructor.
RoslynAnalysisRunner will not be running.
RoslynAnalysisRunner has terminated.
Mono: successfully reloaded assembly
- Completed reload, in  1.004 seconds
Platform modules already initialized, skipping
Refreshing native plugins compatible for Editor in 0.38 ms, found 0 plugins.
Preloading 0 native plugins for Editor in 0.00 ms.
Unloading 1106 Unused Serialized files (Serialized files now loaded: 0)
System memory in use before: 62.2 MB.
System memory in use after: 62.3 MB.

Unloading 5 unused Assets to reduce memory usage. Loaded Objects now: 1582.
Total: 2.039300 ms (FindLiveObjects: 0.265900 ms CreateObjectMapping: 0.032100 ms MarkObjects: 1.664400 ms  DeleteObjects: 0.074500 ms)

AssetImportWorkerClient::OnTransportError - code=2 error=End of file
